{
  "RSpec": {
    "coverage": {
      "/home/captivating-channel-8900/tic-tac-toe-rb-online-web-sp-000/lib/tic_tac_toe.rb": [
        null,
        1,
        null,
        null,
        null,
        null,
        null,
        null,
        null,
        null,
        null,
        null,
        null,
        null,
        null,
        null,
        1,
        28,
        28,
        28,
        28,
        28,
        null,
        null,
        null,
        null,
        null,
        null,
        null,
        1,
        24,
        24,
        null,
        null,
        null,
        null,
        null,
        1,
        23,
        23,
        23,
        null,
        null,
        null,
        null,
        null,
        null,
        1,
        22,
        22,
        null,
        null,
        null,
        null,
        null,
        1,
        230,
        null,
        null,
        null,
        null,
        null,
        1,
        24,
        2,
        null,
        22,
        null,
        null,
        null,
        null,
        null,
        1,
        320,
        null,
        null,
        null,
        null,
        null,
        1,
        18,
        null,
        null,
        null,
        null,
        null,
        1,
        500,
        null,
        null,
        null,
        null,
        null,
        1,
        190,
        null,
        null,
        null,
        null,
        null,
        1,
        22,
        null,
        null,
        null,
        null,
        null,
        1,
        7,
        null,
        null,
        null,
        null,
        null,
        1,
        null,
        50,
        null,
        null,
        50,
        2,
        null,
        null,
        null,
        48,
        294,
        null,
        null,
        294,
        74,
        null,
        null,
        null,
        220,
        null,
        220,
        null,
        220,
        23,
        23,
        null,
        null,
        null,
        48,
        null,
        null,
        null,
        null,
        null,
        1,
        21,
        21,
        21,
        21,
        21,
        null,
        null,
        null,
        null,
        null,
        1,
        12,
        18,
        null,
        null,
        12,
        null
      ]
    },
    "timestamp": 1587562937
  }
}
