{
  "RSpec": {
    "coverage": {
      "/home/captivating-channel-8900/tic-tac-toe-rb-online-web-sp-000/lib/tic_tac_toe.rb": [
        null,
        1,
        null,
        null,
        null,
        null,
        null,
        null,
        null,
        null,
        null,
        null,
        null,
        1,
        8,
        8,
        8,
        8,
        8,
        null,
        null,
        1,
        3,
        3,
        null,
        3,
        null,
        null,
        1,
        6,
        null,
        null,
        1,
        3,
        3,
        3,
        null,
        null,
        null,
        1,
        6,
        2,
        null,
        4,
        null,
        null,
        1,
        98,
        null,
        null,
        1,
        7,
        null,
        null,
        1,
        130,
        null,
        null,
        1,
        80,
        null,
        null,
        1,
        3,
        null,
        null,
        1,
        3,
        null,
        null,
        1,
        null,
        13,
        null,
        null,
        13,
        0,
        null,
        null,
        null,
        13,
        90,
        null,
        null,
        90,
        18,
        null,
        null,
        null,
        72,
        null,
        72,
        null,
        72,
        7,
        7,
        null,
        null,
        null,
        13,
        null
      ]
    },
    "timestamp": 1587559668
  }
}
